2026-04-28 15:16:47,346 | INFO | HTTP Request: POST https://api.telegram.org/bot8598787104:AAE5b4VDDrVIcTjWt7UwqxpuEyIis4vFP7E/getMe "HTTP/1.1 200 OK"
2026-04-28 15:16:47,458 | INFO | HTTP Request: POST https://api.telegram.org/bot8598787104:AAE5b4VDDrVIcTjWt7UwqxpuEyIis4vFP7E/deleteWebhook "HTTP/1.1 200 OK"
2026-04-28 15:16:47,465 | INFO | Application started
2026-04-28 15:16:57,800 | INFO | HTTP Request: POST https://api.telegram.org/bot8598787104:AAE5b4VDDrVIcTjWt7UwqxpuEyIis4vFP7E/getUpdates "HTTP/1.1 200 OK"
2026-04-28 15:16:59,998 | INFO | HTTP Request: POST https://api.telegram.org/bot8598787104:AAE5b4VDDrVIcTjWt7UwqxpuEyIis4vFP7E/getUpdates "HTTP/1.1 200 OK"
2026-04-28 15:17:00,532 | INFO | HTTP Request: POST https://api.telegram.org/bot8598787104:AAE5b4VDDrVIcTjWt7UwqxpuEyIis4vFP7E/sendMessage "HTTP/1.1 200 OK"
2026-04-28 15:17:08,327 | INFO | HTTP Request: POST https://api.telegram.org/bot8598787104:AAE5b4VDDrVIcTjWt7UwqxpuEyIis4vFP7E/getUpdates "HTTP/1.1 200 OK"
2026-04-28 15:17:08,916 | INFO | HTTP Request: POST https://api.telegram.org/bot8598787104:AAE5b4VDDrVIcTjWt7UwqxpuEyIis4vFP7E/sendMessage "HTTP/1.1 200 OK"
2026-04-28 15:17:18,660 | INFO | HTTP Request: POST https://api.telegram.org/bot8598787104:AAE5b4VDDrVIcTjWt7UwqxpuEyIis4vFP7E/getUpdates "HTTP/1.1 200 OK"
2026-04-28 15:17:28,765 | INFO | HTTP Request: POST https://api.telegram.org/bot8598787104:AAE5b4VDDrVIcTjWt7UwqxpuEyIis4vFP7E/getUpdates "HTTP/1.1 200 OK"
2026-04-28 15:17:38,880 | INFO | HTTP Request: POST https://api.telegram.org/bot8598787104:AAE5b4VDDrVIcTjWt7UwqxpuEyIis4vFP7E/getUpdates "HTTP/1.1 200 OK"
2026-04-28 15:17:49,000 | INFO | HTTP Request: POST https://api.telegram.org/bot8598787104:AAE5b4VDDrVIcTjWt7UwqxpuEyIis4vFP7E/getUpdates "HTTP/1.1 200 OK"
2026-04-28 15:17:59,120 | INFO | HTTP Request: POST https://api.telegram.org/bot8598787104:AAE5b4VDDrVIcTjWt7UwqxpuEyIis4vFP7E/getUpdates "HTTP/1.1 200 OK"
2026-04-28 15:18:09,230 | INFO | HTTP Request: POST https://api.telegram.org/bot8598787104:AAE5b4VDDrVIcTjWt7UwqxpuEyIis4vFP7E/getUpdates "HTTP/1.1 200 OK"
2026-04-28 15:18:19,340 | INFO | HTTP Request: POST https://api.telegram.org/bot8598787104:AAE5b4VDDrVIcTjWt7UwqxpuEyIis4vFP7E/getUpdates "HTTP/1.1 200 OK"
2026-04-28 15:18:29,455 | INFO | HTTP Request: POST https://api.telegram.org/bot8598787104:AAE5b4VDDrVIcTjWt7UwqxpuEyIis4vFP7E/getUpdates "HTTP/1.1 200 OK"
2026-04-28 15:18:29,884 | INFO | HTTP Request: POST https://api.telegram.org/bot8598787104:AAE5b4VDDrVIcTjWt7UwqxpuEyIis4vFP7E/getUpdates "HTTP/1.1 200 OK"
2026-04-28 15:18:30,349 | INFO | HTTP Request: POST https://api.telegram.org/bot8598787104:AAE5b4VDDrVIcTjWt7UwqxpuEyIis4vFP7E/sendMessage "HTTP/1.1 200 OK"
2026-04-28 15:18:40,432 | INFO | HTTP Request: POST https://api.telegram.org/bot8598787104:AAE5b4VDDrVIcTjWt7UwqxpuEyIis4vFP7E/getUpdates "HTTP/1.1 200 OK"
2026-04-28 15:18:44,025 | INFO | HTTP Request: POST https://api.telegram.org/bot8598787104:AAE5b4VDDrVIcTjWt7UwqxpuEyIis4vFP7E/getUpdates "HTTP/1.1 200 OK"
2026-04-28 15:18:44,694 | INFO | HTTP Request: POST https://api.telegram.org/bot8598787104:AAE5b4VDDrVIcTjWt7UwqxpuEyIis4vFP7E/sendMessage "HTTP/1.1 200 OK"
2026-04-28 15:18:54,164 | INFO | HTTP Request: POST https://api.telegram.org/bot8598787104:AAE5b4VDDrVIcTjWt7UwqxpuEyIis4vFP7E/getUpdates "HTTP/1.1 200 OK"
2026-04-28 15:18:56,806 | INFO | HTTP Request: POST https://api.telegram.org/bot8598787104:AAE5b4VDDrVIcTjWt7UwqxpuEyIis4vFP7E/getUpdates "HTTP/1.1 200 OK"
2026-04-28 15:18:57,483 | INFO | HTTP Request: POST https://api.telegram.org/bot8598787104:AAE5b4VDDrVIcTjWt7UwqxpuEyIis4vFP7E/sendMessage "HTTP/1.1 200 OK"
2026-04-28 15:19:06,920 | INFO | HTTP Request: POST https://api.telegram.org/bot8598787104:AAE5b4VDDrVIcTjWt7UwqxpuEyIis4vFP7E/getUpdates "HTTP/1.1 200 OK"
2026-04-28 15:19:17,024 | INFO | HTTP Request: POST https://api.telegram.org/bot8598787104:AAE5b4VDDrVIcTjWt7UwqxpuEyIis4vFP7E/getUpdates "HTTP/1.1 200 OK"
2026-04-28 15:19:21,275 | INFO | HTTP Request: POST https://api.telegram.org/bot8598787104:AAE5b4VDDrVIcTjWt7UwqxpuEyIis4vFP7E/getUpdates "HTTP/1.1 200 OK"
2026-04-28 15:19:21,750 | INFO | HTTP Request: POST https://api.telegram.org/bot8598787104:AAE5b4VDDrVIcTjWt7UwqxpuEyIis4vFP7E/sendMessage "HTTP/1.1 200 OK"
2026-04-28 15:19:31,464 | INFO | HTTP Request: POST https://api.telegram.org/bot8598787104:AAE5b4VDDrVIcTjWt7UwqxpuEyIis4vFP7E/getUpdates "HTTP/1.1 200 OK"
2026-04-28 15:19:33,399 | INFO | HTTP Request: POST https://api.telegram.org/bot8598787104:AAE5b4VDDrVIcTjWt7UwqxpuEyIis4vFP7E/getUpdates "HTTP/1.1 200 OK"
2026-04-28 15:19:33,803 | INFO | HTTP Request: POST https://api.telegram.org/bot8598787104:AAE5b4VDDrVIcTjWt7UwqxpuEyIis4vFP7E/sendMessage "HTTP/1.1 200 OK"
2026-04-28 15:19:43,575 | INFO | HTTP Request: POST https://api.telegram.org/bot8598787104:AAE5b4VDDrVIcTjWt7UwqxpuEyIis4vFP7E/getUpdates "HTTP/1.1 200 OK"
2026-04-28 15:19:53,472 | INFO | HTTP Request: POST https://api.telegram.org/bot8598787104:AAE5b4VDDrVIcTjWt7UwqxpuEyIis4vFP7E/getUpdates "HTTP/1.1 200 OK"
2026-04-28 15:19:53,876 | INFO | HTTP Request: POST https://api.telegram.org/bot8598787104:AAE5b4VDDrVIcTjWt7UwqxpuEyIis4vFP7E/sendMessage "HTTP/1.1 200 OK"
2026-04-28 15:20:00,467 | INFO | HTTP Request: POST https://api.telegram.org/bot8598787104:AAE5b4VDDrVIcTjWt7UwqxpuEyIis4vFP7E/getUpdates "HTTP/1.1 200 OK"
2026-04-28 15:20:00,883 | INFO | HTTP Request: POST https://api.telegram.org/bot8598787104:AAE5b4VDDrVIcTjWt7UwqxpuEyIis4vFP7E/sendMessage "HTTP/1.1 200 OK"
2026-04-28 15:20:07,526 | INFO | HTTP Request: POST https://api.telegram.org/bot8598787104:AAE5b4VDDrVIcTjWt7UwqxpuEyIis4vFP7E/getUpdates "HTTP/1.1 200 OK"
2026-04-28 15:20:07,975 | INFO | HTTP Request: POST https://api.telegram.org/bot8598787104:AAE5b4VDDrVIcTjWt7UwqxpuEyIis4vFP7E/sendMessage "HTTP/1.1 200 OK"
2026-04-28 15:20:14,728 | INFO | HTTP Request: POST https://api.telegram.org/bot8598787104:AAE5b4VDDrVIcTjWt7UwqxpuEyIis4vFP7E/getUpdates "HTTP/1.1 200 OK"
2026-04-28 15:20:15,170 | INFO | HTTP Request: POST https://api.telegram.org/bot8598787104:AAE5b4VDDrVIcTjWt7UwqxpuEyIis4vFP7E/sendMessage "HTTP/1.1 200 OK"
2026-04-28 15:20:22,120 | INFO | HTTP Request: POST https://api.telegram.org/bot8598787104:AAE5b4VDDrVIcTjWt7UwqxpuEyIis4vFP7E/getUpdates "HTTP/1.1 200 OK"
2026-04-28 15:20:22,613 | INFO | HTTP Request: POST https://api.telegram.org/bot8598787104:AAE5b4VDDrVIcTjWt7UwqxpuEyIis4vFP7E/sendMessage "HTTP/1.1 200 OK"
2026-04-28 15:20:32,249 | INFO | HTTP Request: POST https://api.telegram.org/bot8598787104:AAE5b4VDDrVIcTjWt7UwqxpuEyIis4vFP7E/getUpdates "HTTP/1.1 200 OK"
2026-04-28 15:20:42,357 | INFO | HTTP Request: POST https://api.telegram.org/bot8598787104:AAE5b4VDDrVIcTjWt7UwqxpuEyIis4vFP7E/getUpdates "HTTP/1.1 200 OK"
2026-04-28 15:20:52,473 | INFO | HTTP Request: POST https://api.telegram.org/bot8598787104:AAE5b4VDDrVIcTjWt7UwqxpuEyIis4vFP7E/getUpdates "HTTP/1.1 200 OK"
2026-04-28 15:20:54,584 | INFO | HTTP Request: POST https://api.telegram.org/bot8598787104:AAE5b4VDDrVIcTjWt7UwqxpuEyIis4vFP7E/getUpdates "HTTP/1.1 200 OK"
2026-04-28 15:20:54,992 | INFO | HTTP Request: POST https://api.telegram.org/bot8598787104:AAE5b4VDDrVIcTjWt7UwqxpuEyIis4vFP7E/sendMessage "HTTP/1.1 200 OK"
2026-04-28 15:21:04,730 | INFO | HTTP Request: POST https://api.telegram.org/bot8598787104:AAE5b4VDDrVIcTjWt7UwqxpuEyIis4vFP7E/getUpdates "HTTP/1.1 200 OK"
2026-04-28 15:21:09,695 | INFO | HTTP Request: POST https://api.telegram.org/bot8598787104:AAE5b4VDDrVIcTjWt7UwqxpuEyIis4vFP7E/getUpdates "HTTP/1.1 200 OK"
2026-04-28 15:21:10,085 | INFO | HTTP Request: POST https://api.telegram.org/bot8598787104:AAE5b4VDDrVIcTjWt7UwqxpuEyIis4vFP7E/sendMessage "HTTP/1.1 200 OK"
2026-04-28 15:21:19,829 | INFO | HTTP Request: POST https://api.telegram.org/bot8598787104:AAE5b4VDDrVIcTjWt7UwqxpuEyIis4vFP7E/getUpdates "HTTP/1.1 200 OK"
2026-04-28 15:21:26,659 | INFO | HTTP Request: POST https://api.telegram.org/bot8598787104:AAE5b4VDDrVIcTjWt7UwqxpuEyIis4vFP7E/getUpdates "HTTP/1.1 200 OK"
2026-04-28 15:21:27,104 | INFO | HTTP Request: POST https://api.telegram.org/bot8598787104:AAE5b4VDDrVIcTjWt7UwqxpuEyIis4vFP7E/sendMessage "HTTP/1.1 200 OK"
2026-04-28 15:21:36,824 | INFO | HTTP Request: POST https://api.telegram.org/bot8598787104:AAE5b4VDDrVIcTjWt7UwqxpuEyIis4vFP7E/getUpdates "HTTP/1.1 200 OK"
2026-04-28 15:21:46,931 | INFO | HTTP Request: POST https://api.telegram.org/bot8598787104:AAE5b4VDDrVIcTjWt7UwqxpuEyIis4vFP7E/getUpdates "HTTP/1.1 200 OK"
2026-04-28 15:21:54,045 | INFO | HTTP Request: POST https://api.telegram.org/bot8598787104:AAE5b4VDDrVIcTjWt7UwqxpuEyIis4vFP7E/getUpdates "HTTP/1.1 200 OK"
2026-04-28 15:21:54,466 | INFO | HTTP Request: POST https://api.telegram.org/bot8598787104:AAE5b4VDDrVIcTjWt7UwqxpuEyIis4vFP7E/sendMessage "HTTP/1.1 200 OK"
2026-04-28 15:22:04,183 | INFO | HTTP Request: POST https://api.telegram.org/bot8598787104:AAE5b4VDDrVIcTjWt7UwqxpuEyIis4vFP7E/getUpdates "HTTP/1.1 200 OK"
2026-04-28 15:22:14,299 | INFO | HTTP Request: POST https://api.telegram.org/bot8598787104:AAE5b4VDDrVIcTjWt7UwqxpuEyIis4vFP7E/getUpdates "HTTP/1.1 200 OK"
2026-04-28 15:22:24,429 | INFO | HTTP Request: POST https://api.telegram.org/bot8598787104:AAE5b4VDDrVIcTjWt7UwqxpuEyIis4vFP7E/getUpdates "HTTP/1.1 200 OK"
2026-04-28 15:22:34,663 | INFO | HTTP Request: POST https://api.telegram.org/bot8598787104:AAE5b4VDDrVIcTjWt7UwqxpuEyIis4vFP7E/getUpdates "HTTP/1.1 200 OK"
2026-04-28 15:22:44,784 | INFO | HTTP Request: POST https://api.telegram.org/bot8598787104:AAE5b4VDDrVIcTjWt7UwqxpuEyIis4vFP7E/getUpdates "HTTP/1.1 200 OK"
2026-04-28 15:22:54,947 | INFO | HTTP Request: POST https://api.telegram.org/bot8598787104:AAE5b4VDDrVIcTjWt7UwqxpuEyIis4vFP7E/getUpdates "HTTP/1.1 200 OK"
2026-04-28 15:23:05,056 | INFO | HTTP Request: POST https://api.telegram.org/bot8598787104:AAE5b4VDDrVIcTjWt7UwqxpuEyIis4vFP7E/getUpdates "HTTP/1.1 200 OK"
2026-04-28 15:23:15,175 | INFO | HTTP Request: POST https://api.telegram.org/bot8598787104:AAE5b4VDDrVIcTjWt7UwqxpuEyIis4vFP7E/getUpdates "HTTP/1.1 200 OK"
2026-04-28 15:23:25,304 | INFO | HTTP Request: POST https://api.telegram.org/bot8598787104:AAE5b4VDDrVIcTjWt7UwqxpuEyIis4vFP7E/getUpdates "HTTP/1.1 200 OK"
2026-04-28 15:23:35,428 | INFO | HTTP Request: POST https://api.telegram.org/bot8598787104:AAE5b4VDDrVIcTjWt7UwqxpuEyIis4vFP7E/getUpdates "HTTP/1.1 200 OK"
2026-04-28 15:23:45,539 | INFO | HTTP Request: POST https://api.telegram.org/bot8598787104:AAE5b4VDDrVIcTjWt7UwqxpuEyIis4vFP7E/getUpdates "HTTP/1.1 200 OK"
2026-04-28 15:23:55,653 | INFO | HTTP Request: POST https://api.telegram.org/bot8598787104:AAE5b4VDDrVIcTjWt7UwqxpuEyIis4vFP7E/getUpdates "HTTP/1.1 200 OK"
2026-04-28 15:24:05,778 | INFO | HTTP Request: POST https://api.telegram.org/bot8598787104:AAE5b4VDDrVIcTjWt7UwqxpuEyIis4vFP7E/getUpdates "HTTP/1.1 200 OK"
2026-04-28 15:24:15,889 | INFO | HTTP Request: POST https://api.telegram.org/bot8598787104:AAE5b4VDDrVIcTjWt7UwqxpuEyIis4vFP7E/getUpdates "HTTP/1.1 200 OK"
2026-04-28 15:24:26,000 | INFO | HTTP Request: POST https://api.telegram.org/bot8598787104:AAE5b4VDDrVIcTjWt7UwqxpuEyIis4vFP7E/getUpdates "HTTP/1.1 200 OK"
2026-04-28 15:24:36,108 | INFO | HTTP Request: POST https://api.telegram.org/bot8598787104:AAE5b4VDDrVIcTjWt7UwqxpuEyIis4vFP7E/getUpdates "HTTP/1.1 200 OK"
2026-04-28 15:24:46,220 | INFO | HTTP Request: POST https://api.telegram.org/bot8598787104:AAE5b4VDDrVIcTjWt7UwqxpuEyIis4vFP7E/getUpdates "HTTP/1.1 200 OK"
2026-04-28 15:24:50,207 | INFO | HTTP Request: POST https://api.telegram.org/bot8598787104:AAE5b4VDDrVIcTjWt7UwqxpuEyIis4vFP7E/getUpdates "HTTP/1.1 200 OK"
2026-04-28 15:24:50,580 | INFO | HTTP Request: POST https://api.telegram.org/bot8598787104:AAE5b4VDDrVIcTjWt7UwqxpuEyIis4vFP7E/sendMessage "HTTP/1.1 200 OK"
2026-04-28 15:24:53,050 | INFO | HTTP Request: POST https://api.telegram.org/bot8598787104:AAE5b4VDDrVIcTjWt7UwqxpuEyIis4vFP7E/getUpdates "HTTP/1.1 200 OK"
2026-04-28 15:24:53,438 | INFO | HTTP Request: POST https://api.telegram.org/bot8598787104:AAE5b4VDDrVIcTjWt7UwqxpuEyIis4vFP7E/sendMessage "HTTP/1.1 200 OK"
2026-04-28 15:24:58,434 | INFO | HTTP Request: POST https://api.telegram.org/bot8598787104:AAE5b4VDDrVIcTjWt7UwqxpuEyIis4vFP7E/getUpdates "HTTP/1.1 200 OK"
2026-04-28 15:24:58,947 | INFO | HTTP Request: POST https://api.telegram.org/bot8598787104:AAE5b4VDDrVIcTjWt7UwqxpuEyIis4vFP7E/sendMessage "HTTP/1.1 200 OK"
2026-04-28 15:25:08,688 | INFO | HTTP Request: POST https://api.telegram.org/bot8598787104:AAE5b4VDDrVIcTjWt7UwqxpuEyIis4vFP7E/getUpdates "HTTP/1.1 200 OK"
2026-04-28 15:25:13,927 | INFO | HTTP Request: POST https://api.telegram.org/bot8598787104:AAE5b4VDDrVIcTjWt7UwqxpuEyIis4vFP7E/getUpdates "HTTP/1.1 200 OK"
2026-04-28 15:25:14,412 | INFO | HTTP Request: POST https://api.telegram.org/bot8598787104:AAE5b4VDDrVIcTjWt7UwqxpuEyIis4vFP7E/sendMessage "HTTP/1.1 200 OK"
2026-04-28 15:25:24,070 | INFO | HTTP Request: POST https://api.telegram.org/bot8598787104:AAE5b4VDDrVIcTjWt7UwqxpuEyIis4vFP7E/getUpdates "HTTP/1.1 200 OK"
2026-04-28 15:25:34,185 | INFO | HTTP Request: POST https://api.telegram.org/bot8598787104:AAE5b4VDDrVIcTjWt7UwqxpuEyIis4vFP7E/getUpdates "HTTP/1.1 200 OK"
2026-04-28 15:25:43,024 | INFO | HTTP Request: POST https://api.telegram.org/bot8598787104:AAE5b4VDDrVIcTjWt7UwqxpuEyIis4vFP7E/getUpdates "HTTP/1.1 200 OK"
2026-04-28 15:25:43,945 | INFO | HTTP Request: POST https://api.telegram.org/bot8598787104:AAE5b4VDDrVIcTjWt7UwqxpuEyIis4vFP7E/sendMessage "HTTP/1.1 200 OK"
2026-04-28 15:25:53,673 | INFO | HTTP Request: POST https://api.telegram.org/bot8598787104:AAE5b4VDDrVIcTjWt7UwqxpuEyIis4vFP7E/getUpdates "HTTP/1.1 200 OK"
2026-04-28 15:25:56,118 | INFO | HTTP Request: POST https://api.telegram.org/bot8598787104:AAE5b4VDDrVIcTjWt7UwqxpuEyIis4vFP7E/getUpdates "HTTP/1.1 200 OK"
2026-04-28 15:25:56,600 | INFO | HTTP Request: POST https://api.telegram.org/bot8598787104:AAE5b4VDDrVIcTjWt7UwqxpuEyIis4vFP7E/sendMessage "HTTP/1.1 200 OK"
2026-04-28 15:26:06,310 | INFO | HTTP Request: POST https://api.telegram.org/bot8598787104:AAE5b4VDDrVIcTjWt7UwqxpuEyIis4vFP7E/getUpdates "HTTP/1.1 200 OK"
2026-04-28 15:26:16,046 | INFO | HTTP Request: POST https://api.telegram.org/bot8598787104:AAE5b4VDDrVIcTjWt7UwqxpuEyIis4vFP7E/getUpdates "HTTP/1.1 200 OK"
2026-04-28 15:26:17,543 | INFO | HTTP Request: POST https://api.telegram.org/bot8598787104:AAE5b4VDDrVIcTjWt7UwqxpuEyIis4vFP7E/sendMessage "HTTP/1.1 200 OK"
2026-04-28 15:26:26,268 | INFO | HTTP Request: POST https://api.telegram.org/bot8598787104:AAE5b4VDDrVIcTjWt7UwqxpuEyIis4vFP7E/getUpdates "HTTP/1.1 200 OK"
2026-04-28 15:26:37,481 | INFO | HTTP Request: POST https://api.telegram.org/bot8598787104:AAE5b4VDDrVIcTjWt7UwqxpuEyIis4vFP7E/getUpdates "HTTP/1.1 200 OK"
2026-04-28 15:26:47,593 | INFO | HTTP Request: POST https://api.telegram.org/bot8598787104:AAE5b4VDDrVIcTjWt7UwqxpuEyIis4vFP7E/getUpdates "HTTP/1.1 200 OK"
2026-04-28 15:26:57,697 | INFO | HTTP Request: POST https://api.telegram.org/bot8598787104:AAE5b4VDDrVIcTjWt7UwqxpuEyIis4vFP7E/getUpdates "HTTP/1.1 200 OK"
2026-04-28 15:27:07,832 | INFO | HTTP Request: POST https://api.telegram.org/bot8598787104:AAE5b4VDDrVIcTjWt7UwqxpuEyIis4vFP7E/getUpdates "HTTP/1.1 200 OK"
2026-04-28 15:27:17,942 | INFO | HTTP Request: POST https://api.telegram.org/bot8598787104:AAE5b4VDDrVIcTjWt7UwqxpuEyIis4vFP7E/getUpdates "HTTP/1.1 200 OK"
2026-04-28 15:27:28,058 | INFO | HTTP Request: POST https://api.telegram.org/bot8598787104:AAE5b4VDDrVIcTjWt7UwqxpuEyIis4vFP7E/getUpdates "HTTP/1.1 200 OK"
2026-04-28 15:27:38,177 | INFO | HTTP Request: POST https://api.telegram.org/bot8598787104:AAE5b4VDDrVIcTjWt7UwqxpuEyIis4vFP7E/getUpdates "HTTP/1.1 200 OK"
2026-04-28 15:27:40,812 | INFO | HTTP Request: POST https://api.telegram.org/bot8598787104:AAE5b4VDDrVIcTjWt7UwqxpuEyIis4vFP7E/getUpdates "HTTP/1.1 200 OK"
2026-04-28 15:27:41,367 | INFO | HTTP Request: POST https://api.telegram.org/bot8598787104:AAE5b4VDDrVIcTjWt7UwqxpuEyIis4vFP7E/sendMessage "HTTP/1.1 200 OK"
2026-04-28 15:27:51,096 | INFO | HTTP Request: POST https://api.telegram.org/bot8598787104:AAE5b4VDDrVIcTjWt7UwqxpuEyIis4vFP7E/getUpdates "HTTP/1.1 200 OK"
2026-04-28 15:27:59,091 | INFO | HTTP Request: POST https://api.telegram.org/bot8598787104:AAE5b4VDDrVIcTjWt7UwqxpuEyIis4vFP7E/getUpdates "HTTP/1.1 200 OK"
2026-04-28 15:28:02,511 | INFO | HTTP Request: POST https://api.telegram.org/bot8598787104:AAE5b4VDDrVIcTjWt7UwqxpuEyIis4vFP7E/sendMessage "HTTP/1.1 200 OK"
2026-04-28 15:28:08,986 | INFO | HTTP Request: POST https://api.telegram.org/bot8598787104:AAE5b4VDDrVIcTjWt7UwqxpuEyIis4vFP7E/getUpdates "HTTP/1.1 200 OK"
2026-04-28 15:28:09,447 | INFO | HTTP Request: POST https://api.telegram.org/bot8598787104:AAE5b4VDDrVIcTjWt7UwqxpuEyIis4vFP7E/sendMessage "HTTP/1.1 200 OK"
2026-04-28 15:28:10,877 | INFO | HTTP Request: POST https://api.telegram.org/bot8598787104:AAE5b4VDDrVIcTjWt7UwqxpuEyIis4vFP7E/getUpdates "HTTP/1.1 200 OK"
2026-04-28 15:28:11,109 | INFO | HTTP Request: POST https://api.telegram.org/bot8598787104:AAE5b4VDDrVIcTjWt7UwqxpuEyIis4vFP7E/sendMessage "HTTP/1.1 200 OK"
2026-04-28 15:28:16,245 | INFO | HTTP Request: POST https://api.telegram.org/bot8598787104:AAE5b4VDDrVIcTjWt7UwqxpuEyIis4vFP7E/getUpdates "HTTP/1.1 200 OK"
2026-04-28 15:28:16,752 | INFO | HTTP Request: POST https://api.telegram.org/bot8598787104:AAE5b4VDDrVIcTjWt7UwqxpuEyIis4vFP7E/answerCallbackQuery "HTTP/1.1 200 OK"
2026-04-28 15:28:16,979 | INFO | HTTP Request: POST https://api.telegram.org/bot8598787104:AAE5b4VDDrVIcTjWt7UwqxpuEyIis4vFP7E/editMessageText "HTTP/1.1 200 OK"
2026-04-28 15:28:22,066 | INFO | HTTP Request: POST https://api.telegram.org/bot8598787104:AAE5b4VDDrVIcTjWt7UwqxpuEyIis4vFP7E/getUpdates "HTTP/1.1 200 OK"
2026-04-28 15:28:22,576 | INFO | HTTP Request: POST https://api.telegram.org/bot8598787104:AAE5b4VDDrVIcTjWt7UwqxpuEyIis4vFP7E/sendMessage "HTTP/1.1 200 OK"
2026-04-28 15:28:27,022 | INFO | HTTP Request: POST https://api.telegram.org/bot8598787104:AAE5b4VDDrVIcTjWt7UwqxpuEyIis4vFP7E/getUpdates "HTTP/1.1 200 OK"
2026-04-28 15:28:27,236 | INFO | HTTP Request: POST https://api.telegram.org/bot8598787104:AAE5b4VDDrVIcTjWt7UwqxpuEyIis4vFP7E/sendMessage "HTTP/1.1 200 OK"
2026-04-28 15:28:37,182 | INFO | HTTP Request: POST https://api.telegram.org/bot8598787104:AAE5b4VDDrVIcTjWt7UwqxpuEyIis4vFP7E/getUpdates "HTTP/1.1 200 OK"
2026-04-28 15:28:47,296 | INFO | HTTP Request: POST https://api.telegram.org/bot8598787104:AAE5b4VDDrVIcTjWt7UwqxpuEyIis4vFP7E/getUpdates "HTTP/1.1 200 OK"
2026-04-28 15:28:57,418 | INFO | HTTP Request: POST https://api.telegram.org/bot8598787104:AAE5b4VDDrVIcTjWt7UwqxpuEyIis4vFP7E/getUpdates "HTTP/1.1 200 OK"
2026-04-28 15:29:07,527 | INFO | HTTP Request: POST https://api.telegram.org/bot8598787104:AAE5b4VDDrVIcTjWt7UwqxpuEyIis4vFP7E/getUpdates "HTTP/1.1 200 OK"
2026-04-28 15:29:17,660 | INFO | HTTP Request: POST https://api.telegram.org/bot8598787104:AAE5b4VDDrVIcTjWt7UwqxpuEyIis4vFP7E/getUpdates "HTTP/1.1 200 OK"
2026-04-28 15:29:27,777 | INFO | HTTP Request: POST https://api.telegram.org/bot8598787104:AAE5b4VDDrVIcTjWt7UwqxpuEyIis4vFP7E/getUpdates "HTTP/1.1 200 OK"
2026-04-28 15:29:37,882 | INFO | HTTP Request: POST https://api.telegram.org/bot8598787104:AAE5b4VDDrVIcTjWt7UwqxpuEyIis4vFP7E/getUpdates "HTTP/1.1 200 OK"
2026-04-28 15:29:39,720 | INFO | HTTP Request: POST https://api.telegram.org/bot8598787104:AAE5b4VDDrVIcTjWt7UwqxpuEyIis4vFP7E/getUpdates "HTTP/1.1 200 OK"
2026-04-28 15:29:40,115 | INFO | HTTP Request: POST https://api.telegram.org/bot8598787104:AAE5b4VDDrVIcTjWt7UwqxpuEyIis4vFP7E/sendMessage "HTTP/1.1 200 OK"
2026-04-28 15:29:49,872 | INFO | HTTP Request: POST https://api.telegram.org/bot8598787104:AAE5b4VDDrVIcTjWt7UwqxpuEyIis4vFP7E/getUpdates "HTTP/1.1 200 OK"
2026-04-28 15:29:59,766 | INFO | HTTP Request: POST https://api.telegram.org/bot8598787104:AAE5b4VDDrVIcTjWt7UwqxpuEyIis4vFP7E/getUpdates "HTTP/1.1 200 OK"
2026-04-28 15:30:00,189 | INFO | HTTP Request: POST https://api.telegram.org/bot8598787104:AAE5b4VDDrVIcTjWt7UwqxpuEyIis4vFP7E/sendMessage "HTTP/1.1 200 OK"
2026-04-28 15:30:08,022 | INFO | HTTP Request: POST https://api.telegram.org/bot8598787104:AAE5b4VDDrVIcTjWt7UwqxpuEyIis4vFP7E/getUpdates "HTTP/1.1 200 OK"
2026-04-28 15:30:08,486 | INFO | HTTP Request: POST https://api.telegram.org/bot8598787104:AAE5b4VDDrVIcTjWt7UwqxpuEyIis4vFP7E/sendMessage "HTTP/1.1 200 OK"
2026-04-28 15:30:12,229 | INFO | HTTP Request: POST https://api.telegram.org/bot8598787104:AAE5b4VDDrVIcTjWt7UwqxpuEyIis4vFP7E/getUpdates "HTTP/1.1 200 OK"
2026-04-28 15:30:12,438 | INFO | HTTP Request: POST https://api.telegram.org/bot8598787104:AAE5b4VDDrVIcTjWt7UwqxpuEyIis4vFP7E/sendMessage "HTTP/1.1 200 OK"
2026-04-28 15:30:22,440 | INFO | HTTP Request: POST https://api.telegram.org/bot8598787104:AAE5b4VDDrVIcTjWt7UwqxpuEyIis4vFP7E/getUpdates "HTTP/1.1 200 OK"
2026-04-28 15:30:25,577 | INFO | HTTP Request: POST https://api.telegram.org/bot8598787104:AAE5b4VDDrVIcTjWt7UwqxpuEyIis4vFP7E/getUpdates "HTTP/1.1 200 OK"
2026-04-28 15:30:26,044 | INFO | HTTP Request: POST https://api.telegram.org/bot8598787104:AAE5b4VDDrVIcTjWt7UwqxpuEyIis4vFP7E/sendMessage "HTTP/1.1 200 OK"
2026-04-28 15:30:35,745 | INFO | HTTP Request: POST https://api.telegram.org/bot8598787104:AAE5b4VDDrVIcTjWt7UwqxpuEyIis4vFP7E/getUpdates "HTTP/1.1 200 OK"
2026-04-28 15:30:45,860 | INFO | HTTP Request: POST https://api.telegram.org/bot8598787104:AAE5b4VDDrVIcTjWt7UwqxpuEyIis4vFP7E/getUpdates "HTTP/1.1 200 OK"
2026-04-28 15:30:55,968 | INFO | HTTP Request: POST https://api.telegram.org/bot8598787104:AAE5b4VDDrVIcTjWt7UwqxpuEyIis4vFP7E/getUpdates "HTTP/1.1 200 OK"
2026-04-28 15:31:06,301 | INFO | HTTP Request: POST https://api.telegram.org/bot8598787104:AAE5b4VDDrVIcTjWt7UwqxpuEyIis4vFP7E/getUpdates "HTTP/1.1 200 OK"
2026-04-28 15:31:16,429 | INFO | HTTP Request: POST https://api.telegram.org/bot8598787104:AAE5b4VDDrVIcTjWt7UwqxpuEyIis4vFP7E/getUpdates "HTTP/1.1 200 OK"
2026-04-28 15:31:26,541 | INFO | HTTP Request: POST https://api.telegram.org/bot8598787104:AAE5b4VDDrVIcTjWt7UwqxpuEyIis4vFP7E/getUpdates "HTTP/1.1 200 OK"
2026-04-28 15:31:36,653 | INFO | HTTP Request: POST https://api.telegram.org/bot8598787104:AAE5b4VDDrVIcTjWt7UwqxpuEyIis4vFP7E/getUpdates "HTTP/1.1 200 OK"
2026-04-28 15:31:37,573 | INFO | HTTP Request: POST https://api.telegram.org/bot8598787104:AAE5b4VDDrVIcTjWt7UwqxpuEyIis4vFP7E/getUpdates "HTTP/1.1 200 OK"
2026-04-28 15:31:37,970 | INFO | HTTP Request: POST https://api.telegram.org/bot8598787104:AAE5b4VDDrVIcTjWt7UwqxpuEyIis4vFP7E/sendMessage "HTTP/1.1 200 OK"
2026-04-28 15:31:47,725 | INFO | HTTP Request: POST https://api.telegram.org/bot8598787104:AAE5b4VDDrVIcTjWt7UwqxpuEyIis4vFP7E/getUpdates "HTTP/1.1 200 OK"
